<?xml version="1.0" encoding="UTF-8"?>
<!-- Generated by org.testng.reporters.JUnitReportReporter -->
<testsuite hostname="Alex" failures="0" tests="1" name="WebApplication.AutomationFramework.DropDownCheck" time="10.764" errors="0" timestamp="2025-01-26T22:33:51 GMT" skipped="0">
  <testcase classname="WebApplication.AutomationFramework.DropDownCheck" name="StaticDropdowncheck" time="10.764"/>
  <system-out/>
</testsuite> <!-- WebApplication.AutomationFramework.DropDownCheck -->
