<?xml version="1.0" encoding="UTF-8"?>
<!-- Generated by org.testng.reporters.JUnitReportReporter -->
<testsuite hostname="Alex" failures="0" tests="3" name="WebApplication.AutomationFramework.ActionsTest_Mutipleexecution_Testdataprovider" time="19.043" errors="0" timestamp="2025-01-26T22:33:51 GMT" skipped="0">
  <testcase classname="WebApplication.AutomationFramework.ActionsTest_Mutipleexecution_Testdataprovider" name="actionsConceptTest" time="9.719"/>
  <system-out/>
  <testcase classname="WebApplication.AutomationFramework.ActionsTest_Mutipleexecution_Testdataprovider" name="actionsConceptTest" time="4.724"/>
  <system-out/>
  <testcase classname="WebApplication.AutomationFramework.ActionsTest_Mutipleexecution_Testdataprovider" name="actionsConceptTest" time="4.600"/>
  <system-out/>
</testsuite> <!-- WebApplication.AutomationFramework.ActionsTest_Mutipleexecution_Testdataprovider -->
