<?xml version="1.0" encoding="UTF-8"?>
<!-- Generated by org.testng.reporters.JUnitReportReporter -->
<testsuite hostname="Alex" failures="0" tests="3" name="WebApplication.AutomationFramework.ActionsTest_Mutirun_jsondata" time="20.538" errors="0" timestamp="2025-01-26T22:33:51 GMT" skipped="0">
  <testcase classname="WebApplication.AutomationFramework.ActionsTest_Mutirun_jsondata" name="actionsConceptTest" time="4.657"/>
  <system-out/>
  <testcase classname="WebApplication.AutomationFramework.ActionsTest_Mutirun_jsondata" name="actionsConceptTest" time="4.907"/>
  <system-out/>
  <testcase classname="WebApplication.AutomationFramework.ActionsTest_Mutirun_jsondata" name="actionsConceptTest" time="10.974"/>
  <system-out/>
</testsuite> <!-- WebApplication.AutomationFramework.ActionsTest_Mutirun_jsondata -->
