<?xml version="1.0" encoding="UTF-8"?>
<!-- Generated by org.testng.reporters.JUnitReportReporter -->
<testsuite hostname="Alex" failures="0" tests="1" name="WebApplication.AutomationFramework.WindowAuthenticatioPopup" time="9.292" errors="0" timestamp="2025-01-26T22:33:51 GMT" skipped="0">
  <testcase classname="WebApplication.AutomationFramework.WindowAuthenticatioPopup" name="Window_Authentication_popup_handle" time="9.292"/>
  <system-out/>
</testsuite> <!-- WebApplication.AutomationFramework.WindowAuthenticatioPopup -->
