<?xml version="1.0" encoding="UTF-8"?>
<!-- Generated by org.testng.reporters.JUnitReportReporter -->
<testsuite hostname="Alex" failures="0" tests="1" name="WebApplication.AutomationFramework.DropDownFunCheck" time="4.439" errors="0" timestamp="2025-01-26T18:13:38 GMT" skipped="0">
  <testcase classname="WebApplication.AutomationFramework.DropDownFunCheck" name="StaticDropdowncheck" time="4.439"/>
</testsuite> <!-- WebApplication.AutomationFramework.DropDownFunCheck -->
