<?xml version="1.0" encoding="UTF-8"?>
<!-- Generated by org.testng.reporters.JUnitReportReporter -->
<testsuite hostname="Alex" failures="0" tests="1" name="WebApplication.AutomationFramework.SeleniumLocators" time="21.281" errors="0" timestamp="2025-01-26T17:22:02 GMT" skipped="0">
  <testcase classname="WebApplication.AutomationFramework.SeleniumLocators" name="seleniumlocatorscode" time="21.281"/>
</testsuite> <!-- WebApplication.AutomationFramework.SeleniumLocators -->
