<?xml version="1.0" encoding="UTF-8"?>
<!-- Generated by org.testng.reporters.JUnitReportReporter -->
<testsuite hostname="Alex" failures="0" tests="1" name="WebApplication.AutomationFramework.AmazonActions" time="5.761" errors="0" timestamp="2025-01-26T17:36:49 GMT" skipped="0">
  <testcase classname="WebApplication.AutomationFramework.AmazonActions" name="Actions_concept" time="5.761"/>
</testsuite> <!-- WebApplication.AutomationFramework.AmazonActions -->
